<?xml version="1.0" encoding="UTF-8"?>
<!-- Generated by org.testng.reporters.JUnitReportReporter -->
<testsuite hostname="DESKTOP-68OQ1K7" failures="0" tests="1" name="testNGframework.Remo" time="0.018" errors="0" timestamp="2022-04-06T16:35:52 IST" skipped="0">
  <testcase classname="testNGframework.Remo" name="run2" time="0.018"/>
  <system-out>
    <![CDATA[Remo message]]>
  </system-out>
</testsuite> <!-- testNGframework.Remo -->
