<?xml version="1.0" encoding="UTF-8"?>
<!-- Generated by org.testng.reporters.JUnitReportReporter -->
<testsuite hostname="DESKTOP-68OQ1K7" failures="0" tests="4" name="testNGframework.FlagsOftestNG" time="0.020" errors="0" timestamp="2022-04-06T16:35:52 IST" skipped="0">
  <testcase classname="testNGframework.FlagsOftestNG" name="gun" time="0.006"/>
  <system-out>
    <![CDATA[gun - message]]>
  </system-out>
  <testcase classname="testNGframework.FlagsOftestNG" name="bun" time="0.006"/>
  <system-out>
    <![CDATA[bun - message]]>
  </system-out>
  <testcase classname="testNGframework.FlagsOftestNG" name="run" time="0.003"/>
  <system-out>
    <![CDATA[RUN - Message]]>
  </system-out>
  <testcase classname="testNGframework.FlagsOftestNG" name="run" time="0.005"/>
  <system-out>
    <![CDATA[RUN - Message]]>
  </system-out>
</testsuite> <!-- testNGframework.FlagsOftestNG -->
