<?xml version="1.0" encoding="UTF-8"?>
<!-- Generated by org.testng.reporters.JUnitReportReporter -->
<testsuite hostname="DESKTOP-68OQ1K7" failures="0" tests="1" name="testNGframework.Sumo" time="0.005" errors="0" timestamp="2022-04-06T16:35:52 IST" skipped="0">
  <testcase classname="testNGframework.Sumo" name="run3" time="0.005"/>
  <system-out>
    <![CDATA[Sumo message]]>
  </system-out>
</testsuite> <!-- testNGframework.Sumo -->
